{"name": "Add products to cart,hover over cart icon,verify correct products.", "status": "broken", "statusDetails": {"message": "selenium.common.exceptions.NoSuchWindowException: Message: no such window: target window already closed\nfrom unknown error: web view not found\n  (Session info: chrome=100.0.4896.127)\nStacktrace:\nBacktrace:\n\tOrdinal0 [0x00669943+2595139]\n\tOrdinal0 [0x005FC9F1+2148849]\n\tOrdinal0 [0x004F4528+1066280]\n\tOrdinal0 [0x004DC640+968256]\n\tOrdinal0 [0x0053E259+1368665]\n\tOrdinal0 [0x0054B292+1421970]\n\tOrdinal0 [0x0053B806+1357830]\n\tOrdinal0 [0x00516086+1204358]\n\tOrdinal0 [0x00516F96+1208214]\n\tGetHandleVerifier [0x0080B232+1658114]\n\tGetHandleVerifier [0x008C312C+2411516]\n\tGetHandleVerifier [0x006FF261+560433]\n\tGetHandleVerifier [0x006FE366+556598]\n\tOrdinal0 [0x0060286B+2173035]\n\tOrdinal0 [0x006075F8+2192888]\n\tOrdinal0 [0x006076E5+2193125]\n\tOrdinal0 [0x006111FC+2232828]\n\tBaseThreadInitThunk [0x7633FA29+25]\n\tRtlGetAppContainerNamedObjectPath [0x77407A7E+286]\n\tRtlGetAppContainerNamedObjectPath [0x77407A4E+238]\n\n", "trace": "  File \"c:\\automation_study\\get_top_automation\\venv\\lib\\site-packages\\behave\\model.py\", line 1329, in run\n    match.run(runner.context)\n  File \"c:\\automation_study\\get_top_automation\\venv\\lib\\site-packages\\behave\\matchers.py\", line 98, in run\n    self.func(context, *args, **kwargs)\n  File \"features\\steps\\dropdown_steps.py\", line 11, in hover_to_header_btn\n    context.app.header.hover_over_to_header_btn(button_name)\n  File \"C:\\Automation_study\\Get_Top_Automation\\page\\header.py\", line 26, in hover_over_to_header_btn\n    self.wait.until(EC.visibility_of_element_located(self.IPAD_DROP_DOWN),message=f'{button_name} not found.')\n  File \"c:\\automation_study\\get_top_automation\\venv\\lib\\site-packages\\selenium\\webdriver\\support\\wait.py\", line 78, in until\n    value = method(self._driver)\n  File \"c:\\automation_study\\get_top_automation\\venv\\lib\\site-packages\\selenium\\webdriver\\support\\expected_conditions.py\", line 125, in _predicate\n    return _element_if_visible(driver.find_element(*locator))\n  File \"c:\\automation_study\\get_top_automation\\venv\\lib\\site-packages\\selenium\\webdriver\\support\\event_firing_webdriver.py\", line 108, in find_element\n    return self._dispatch(\"find\", (by, value, self._driver), \"find_element\", (by, value))\n  File \"c:\\automation_study\\get_top_automation\\venv\\lib\\site-packages\\selenium\\webdriver\\support\\event_firing_webdriver.py\", line 183, in _dispatch\n    raise e\n  File \"c:\\automation_study\\get_top_automation\\venv\\lib\\site-packages\\selenium\\webdriver\\support\\event_firing_webdriver.py\", line 180, in _dispatch\n    result = getattr(self._driver, d_call)(*d_args)\n  File \"c:\\automation_study\\get_top_automation\\venv\\lib\\site-packages\\selenium\\webdriver\\remote\\webdriver.py\", line 1248, in find_element\n    return self.execute(Command.FIND_ELEMENT, {\n  File \"c:\\automation_study\\get_top_automation\\venv\\lib\\site-packages\\selenium\\webdriver\\remote\\webdriver.py\", line 425, in execute\n    self.error_handler.check_response(response)\n  File \"c:\\automation_study\\get_top_automation\\venv\\lib\\site-packages\\selenium\\webdriver\\remote\\errorhandler.py\", line 247, in check_response\n    raise exception_class(message, screen, stacktrace)\n"}, "steps": [{"name": "Given Open Get top", "status": "passed", "start": 1652111490090, "stop": 1652111492127}, {"name": "When Hover over the mouse to <MAC>.", "status": "broken", "statusDetails": {"message": "selenium.common.exceptions.NoSuchWindowException: Message: no such window: target window already closed\nfrom unknown error: web view not found\n  (Session info: chrome=100.0.4896.127)\nStacktrace:\nBacktrace:\n\tOrdinal0 [0x00669943+2595139]\n\tOrdinal0 [0x005FC9F1+2148849]\n\tOrdinal0 [0x004F4528+1066280]\n\tOrdinal0 [0x004DC640+968256]\n\tOrdinal0 [0x0053E259+1368665]\n\tOrdinal0 [0x0054B292+1421970]\n\tOrdinal0 [0x0053B806+1357830]\n\tOrdinal0 [0x00516086+1204358]\n\tOrdinal0 [0x00516F96+1208214]\n\tGetHandleVerifier [0x0080B232+1658114]\n\tGetHandleVerifier [0x008C312C+2411516]\n\tGetHandleVerifier [0x006FF261+560433]\n\tGetHandleVerifier [0x006FE366+556598]\n\tOrdinal0 [0x0060286B+2173035]\n\tOrdinal0 [0x006075F8+2192888]\n\tOrdinal0 [0x006076E5+2193125]\n\tOrdinal0 [0x006111FC+2232828]\n\tBaseThreadInitThunk [0x7633FA29+25]\n\tRtlGetAppContainerNamedObjectPath [0x77407A7E+286]\n\tRtlGetAppContainerNamedObjectPath [0x77407A4E+238]\n\n", "trace": "  File \"c:\\automation_study\\get_top_automation\\venv\\lib\\site-packages\\behave\\model.py\", line 1329, in run\n    match.run(runner.context)\n  File \"c:\\automation_study\\get_top_automation\\venv\\lib\\site-packages\\behave\\matchers.py\", line 98, in run\n    self.func(context, *args, **kwargs)\n  File \"features\\steps\\dropdown_steps.py\", line 11, in hover_to_header_btn\n    context.app.header.hover_over_to_header_btn(button_name)\n  File \"C:\\Automation_study\\Get_Top_Automation\\page\\header.py\", line 26, in hover_over_to_header_btn\n    self.wait.until(EC.visibility_of_element_located(self.IPAD_DROP_DOWN),message=f'{button_name} not found.')\n  File \"c:\\automation_study\\get_top_automation\\venv\\lib\\site-packages\\selenium\\webdriver\\support\\wait.py\", line 78, in until\n    value = method(self._driver)\n  File \"c:\\automation_study\\get_top_automation\\venv\\lib\\site-packages\\selenium\\webdriver\\support\\expected_conditions.py\", line 125, in _predicate\n    return _element_if_visible(driver.find_element(*locator))\n  File \"c:\\automation_study\\get_top_automation\\venv\\lib\\site-packages\\selenium\\webdriver\\support\\event_firing_webdriver.py\", line 108, in find_element\n    return self._dispatch(\"find\", (by, value, self._driver), \"find_element\", (by, value))\n  File \"c:\\automation_study\\get_top_automation\\venv\\lib\\site-packages\\selenium\\webdriver\\support\\event_firing_webdriver.py\", line 183, in _dispatch\n    raise e\n  File \"c:\\automation_study\\get_top_automation\\venv\\lib\\site-packages\\selenium\\webdriver\\support\\event_firing_webdriver.py\", line 180, in _dispatch\n    result = getattr(self._driver, d_call)(*d_args)\n  File \"c:\\automation_study\\get_top_automation\\venv\\lib\\site-packages\\selenium\\webdriver\\remote\\webdriver.py\", line 1248, in find_element\n    return self.execute(Command.FIND_ELEMENT, {\n  File \"c:\\automation_study\\get_top_automation\\venv\\lib\\site-packages\\selenium\\webdriver\\remote\\webdriver.py\", line 425, in execute\n    self.error_handler.check_response(response)\n  File \"c:\\automation_study\\get_top_automation\\venv\\lib\\site-packages\\selenium\\webdriver\\remote\\errorhandler.py\", line 247, in check_response\n    raise exception_class(message, screen, stacktrace)\n"}, "start": 1652111492127, "stop": 1652111492542}, {"name": "And Hover the mouse to <MacBook Pro 13-inch> button and click on it.", "status": "skipped", "start": 1652111492552, "stop": 1652111492552}, {"name": "And Click on ADD TO CART button.", "status": "skipped", "start": 1652111492552, "stop": 1652111492552}, {"name": "And Hover the mouse to cart icon.", "status": "skipped", "start": 1652111492552, "stop": 1652111492552}, {"name": "Then verify correct products and subtotal shown", "status": "skipped", "start": 1652111492552, "stop": 1652111492552}, {"name": "Then Verify user can click on \"View Cart\" and is taken to cart page", "status": "skipped", "start": 1652111492552, "stop": 1652111492552}], "start": 1652111487767, "stop": 1652111492552, "uuid": "3a0d0daa-74e7-4c49-bc88-9f7586b0fe0f", "historyId": "86e1c915ea3beddd99f3bac1605264bf", "fullName": "Tests for product page: Add products to cart,hover over cart icon,verify correct products.", "labels": [{"name": "severity", "value": "normal"}, {"name": "feature", "value": "Tests for product page"}, {"name": "framework", "value": "behave"}, {"name": "language", "value": "cpython3"}]}