{"name": "User can see product's \"user ratting\" on the product details page.", "status": "broken", "statusDetails": {"message": "selenium.common.exceptions.NoSuchElementException: Message: no such element: Unable to locate element: {\"method\":\"css selector\",\"selector\":\".woocommerce-product-rating\"}\n  (Session info: chrome=100.0.4896.127)\nStacktrace:\nBacktrace:\n\tOrdinal0 [0x00669943+2595139]\n\tOrdinal0 [0x005FC9F1+2148849]\n\tOrdinal0 [0x004F4528+1066280]\n\tOrdinal0 [0x00520FD4+1249236]\n\tOrdinal0 [0x005211CB+1249739]\n\tOrdinal0 [0x0054D812+1431570]\n\tOrdinal0 [0x0053BA34+1358388]\n\tOrdinal0 [0x0054BAF2+1424114]\n\tOrdinal0 [0x0053B806+1357830]\n\tOrdinal0 [0x00516086+1204358]\n\tOrdinal0 [0x00516F96+1208214]\n\tGetHandleVerifier [0x0080B232+1658114]\n\tGetHandleVerifier [0x008C312C+2411516]\n\tGetHandleVerifier [0x006FF261+560433]\n\tGetHandleVerifier [0x006FE366+556598]\n\tOrdinal0 [0x0060286B+2173035]\n\tOrdinal0 [0x006075F8+2192888]\n\tOrdinal0 [0x006076E5+2193125]\n\tOrdinal0 [0x006111FC+2232828]\n\tBaseThreadInitThunk [0x7633FA29+25]\n\tRtlGetAppContainerNamedObjectPath [0x77407A7E+286]\n\tRtlGetAppContainerNamedObjectPath [0x77407A4E+238]\n\n", "trace": "  File \"c:\\automation_study\\get_top_automation\\venv\\lib\\site-packages\\behave\\model.py\", line 1329, in run\n    match.run(runner.context)\n  File \"c:\\automation_study\\get_top_automation\\venv\\lib\\site-packages\\behave\\matchers.py\", line 98, in run\n    self.func(context, *args, **kwargs)\n  File \"features\\steps\\product_details_staeps.py\", line 11, in verify_user_ratting\n    context.app.product_page.verify_user_ratting()\n  File \"C:\\Automation_study\\Get_Top_Automation\\page\\product_page.py\", line 48, in verify_user_ratting\n    self.find_element(*self.USER_RATTING)\n  File \"C:\\Automation_study\\Get_Top_Automation\\page\\base_page.py\", line 17, in find_element\n    return self.driver.find_element(*locator)\n  File \"c:\\automation_study\\get_top_automation\\venv\\lib\\site-packages\\selenium\\webdriver\\support\\event_firing_webdriver.py\", line 108, in find_element\n    return self._dispatch(\"find\", (by, value, self._driver), \"find_element\", (by, value))\n  File \"c:\\automation_study\\get_top_automation\\venv\\lib\\site-packages\\selenium\\webdriver\\support\\event_firing_webdriver.py\", line 183, in _dispatch\n    raise e\n  File \"c:\\automation_study\\get_top_automation\\venv\\lib\\site-packages\\selenium\\webdriver\\support\\event_firing_webdriver.py\", line 180, in _dispatch\n    result = getattr(self._driver, d_call)(*d_args)\n  File \"c:\\automation_study\\get_top_automation\\venv\\lib\\site-packages\\selenium\\webdriver\\remote\\webdriver.py\", line 1248, in find_element\n    return self.execute(Command.FIND_ELEMENT, {\n  File \"c:\\automation_study\\get_top_automation\\venv\\lib\\site-packages\\selenium\\webdriver\\remote\\webdriver.py\", line 425, in execute\n    self.error_handler.check_response(response)\n  File \"c:\\automation_study\\get_top_automation\\venv\\lib\\site-packages\\selenium\\webdriver\\remote\\errorhandler.py\", line 247, in check_response\n    raise exception_class(message, screen, stacktrace)\n"}, "steps": [{"name": "Given Open Get top", "status": "passed", "start": 1652110330749, "stop": 1652110332960}, {"name": "When Hover over the mouse to <IPAD>.", "status": "passed", "start": 1652110332960, "stop": 1652110333320}, {"name": "And Hover the mouse to <ipad> button and click on it.", "status": "passed", "start": 1652110333320, "stop": 1652110335240}, {"name": "Then Verify user can see the product's user ratting between product name and price of the product.", "status": "broken", "statusDetails": {"message": "selenium.common.exceptions.NoSuchElementException: Message: no such element: Unable to locate element: {\"method\":\"css selector\",\"selector\":\".woocommerce-product-rating\"}\n  (Session info: chrome=100.0.4896.127)\nStacktrace:\nBacktrace:\n\tOrdinal0 [0x00669943+2595139]\n\tOrdinal0 [0x005FC9F1+2148849]\n\tOrdinal0 [0x004F4528+1066280]\n\tOrdinal0 [0x00520FD4+1249236]\n\tOrdinal0 [0x005211CB+1249739]\n\tOrdinal0 [0x0054D812+1431570]\n\tOrdinal0 [0x0053BA34+1358388]\n\tOrdinal0 [0x0054BAF2+1424114]\n\tOrdinal0 [0x0053B806+1357830]\n\tOrdinal0 [0x00516086+1204358]\n\tOrdinal0 [0x00516F96+1208214]\n\tGetHandleVerifier [0x0080B232+1658114]\n\tGetHandleVerifier [0x008C312C+2411516]\n\tGetHandleVerifier [0x006FF261+560433]\n\tGetHandleVerifier [0x006FE366+556598]\n\tOrdinal0 [0x0060286B+2173035]\n\tOrdinal0 [0x006075F8+2192888]\n\tOrdinal0 [0x006076E5+2193125]\n\tOrdinal0 [0x006111FC+2232828]\n\tBaseThreadInitThunk [0x7633FA29+25]\n\tRtlGetAppContainerNamedObjectPath [0x77407A7E+286]\n\tRtlGetAppContainerNamedObjectPath [0x77407A4E+238]\n\n", "trace": "  File \"c:\\automation_study\\get_top_automation\\venv\\lib\\site-packages\\behave\\model.py\", line 1329, in run\n    match.run(runner.context)\n  File \"c:\\automation_study\\get_top_automation\\venv\\lib\\site-packages\\behave\\matchers.py\", line 98, in run\n    self.func(context, *args, **kwargs)\n  File \"features\\steps\\product_details_staeps.py\", line 11, in verify_user_ratting\n    context.app.product_page.verify_user_ratting()\n  File \"C:\\Automation_study\\Get_Top_Automation\\page\\product_page.py\", line 48, in verify_user_ratting\n    self.find_element(*self.USER_RATTING)\n  File \"C:\\Automation_study\\Get_Top_Automation\\page\\base_page.py\", line 17, in find_element\n    return self.driver.find_element(*locator)\n  File \"c:\\automation_study\\get_top_automation\\venv\\lib\\site-packages\\selenium\\webdriver\\support\\event_firing_webdriver.py\", line 108, in find_element\n    return self._dispatch(\"find\", (by, value, self._driver), \"find_element\", (by, value))\n  File \"c:\\automation_study\\get_top_automation\\venv\\lib\\site-packages\\selenium\\webdriver\\support\\event_firing_webdriver.py\", line 183, in _dispatch\n    raise e\n  File \"c:\\automation_study\\get_top_automation\\venv\\lib\\site-packages\\selenium\\webdriver\\support\\event_firing_webdriver.py\", line 180, in _dispatch\n    result = getattr(self._driver, d_call)(*d_args)\n  File \"c:\\automation_study\\get_top_automation\\venv\\lib\\site-packages\\selenium\\webdriver\\remote\\webdriver.py\", line 1248, in find_element\n    return self.execute(Command.FIND_ELEMENT, {\n  File \"c:\\automation_study\\get_top_automation\\venv\\lib\\site-packages\\selenium\\webdriver\\remote\\webdriver.py\", line 425, in execute\n    self.error_handler.check_response(response)\n  File \"c:\\automation_study\\get_top_automation\\venv\\lib\\site-packages\\selenium\\webdriver\\remote\\errorhandler.py\", line 247, in check_response\n    raise exception_class(message, screen, stacktrace)\n"}, "start": 1652110335240, "stop": 1652110345435}], "start": 1652110328780, "stop": 1652110349820, "uuid": "b1e4a307-afc5-4c05-9a00-a748b2ecc36b", "historyId": "245f3bf368cc9b1b3f2b8418908d908b", "fullName": "Tests for product page: User can see product's \"user ratting\" on the product details page.", "labels": [{"name": "severity", "value": "normal"}, {"name": "feature", "value": "Tests for product page"}, {"name": "framework", "value": "behave"}, {"name": "language", "value": "cpython3"}]}