{"name": "Add products to cart,hover over cart icon,verify subtotal shown", "status": "broken", "statusDetails": {"message": "selenium.common.exceptions.WebDriverException: Message: chrome not reachable\n  (Session info: chrome=100.0.4896.127)\nStacktrace:\nBacktrace:\n\tOrdinal0 [0x00669943+2595139]\n\tOrdinal0 [0x005FC9F1+2148849]\n\tOrdinal0 [0x004F43F0+1065968]\n\tOrdinal0 [0x004E87C2+1017794]\n\tOrdinal0 [0x004E8FF8+1019896]\n\tOrdinal0 [0x004EA892+1026194]\n\tOrdinal0 [0x004E4219+999961]\n\tOrdinal0 [0x004F5860+1071200]\n\tOrdinal0 [0x0054B2D2+1422034]\n\tOrdinal0 [0x0053B806+1357830]\n\tOrdinal0 [0x00516086+1204358]\n\tOrdinal0 [0x00516F96+1208214]\n\tGetHandleVerifier [0x0080B232+1658114]\n\tGetHandleVerifier [0x008C312C+2411516]\n\tGetHandleVerifier [0x006FF261+560433]\n\tGetHandleVerifier [0x006FE366+556598]\n\tOrdinal0 [0x0060286B+2173035]\n\tOrdinal0 [0x006075F8+2192888]\n\tOrdinal0 [0x006076E5+2193125]\n\tOrdinal0 [0x006111FC+2232828]\n\tBaseThreadInitThunk [0x7633FA29+25]\n\tRtlGetAppContainerNamedObjectPath [0x77407A7E+286]\n\tRtlGetAppContainerNamedObjectPath [0x77407A4E+238]\n\n", "trace": "  File \"c:\\automation_study\\get_top_automation\\venv\\lib\\site-packages\\behave\\model.py\", line 1329, in run\n    match.run(runner.context)\n  File \"c:\\automation_study\\get_top_automation\\venv\\lib\\site-packages\\behave\\matchers.py\", line 98, in run\n    self.func(context, *args, **kwargs)\n  File \"features\\steps\\dropdown_steps.py\", line 16, in click_on_drop_down_btn\n    context.app.drop_down_field.click_on_drop_down_btn(product_name)\n  File \"C:\\Automation_study\\Get_Top_Automation\\page\\drop_down_field.py\", line 20, in click_on_drop_down_btn\n    self.wait.until(EC.visibility_of_element_located(self.ipad), message=f'{product_name} is not found.')\n  File \"c:\\automation_study\\get_top_automation\\venv\\lib\\site-packages\\selenium\\webdriver\\support\\wait.py\", line 78, in until\n    value = method(self._driver)\n  File \"c:\\automation_study\\get_top_automation\\venv\\lib\\site-packages\\selenium\\webdriver\\support\\expected_conditions.py\", line 125, in _predicate\n    return _element_if_visible(driver.find_element(*locator))\n  File \"c:\\automation_study\\get_top_automation\\venv\\lib\\site-packages\\selenium\\webdriver\\support\\event_firing_webdriver.py\", line 108, in find_element\n    return self._dispatch(\"find\", (by, value, self._driver), \"find_element\", (by, value))\n  File \"c:\\automation_study\\get_top_automation\\venv\\lib\\site-packages\\selenium\\webdriver\\support\\event_firing_webdriver.py\", line 183, in _dispatch\n    raise e\n  File \"c:\\automation_study\\get_top_automation\\venv\\lib\\site-packages\\selenium\\webdriver\\support\\event_firing_webdriver.py\", line 180, in _dispatch\n    result = getattr(self._driver, d_call)(*d_args)\n  File \"c:\\automation_study\\get_top_automation\\venv\\lib\\site-packages\\selenium\\webdriver\\remote\\webdriver.py\", line 1248, in find_element\n    return self.execute(Command.FIND_ELEMENT, {\n  File \"c:\\automation_study\\get_top_automation\\venv\\lib\\site-packages\\selenium\\webdriver\\remote\\webdriver.py\", line 425, in execute\n    self.error_handler.check_response(response)\n  File \"c:\\automation_study\\get_top_automation\\venv\\lib\\site-packages\\selenium\\webdriver\\remote\\errorhandler.py\", line 247, in check_response\n    raise exception_class(message, screen, stacktrace)\n"}, "steps": [{"name": "Given Open Get top", "status": "passed", "start": 1652111494682, "stop": 1652111496847}, {"name": "When Hover over the mouse to <MAC>.", "status": "passed", "start": 1652111496847, "stop": 1652111497237}, {"name": "And Hover the mouse to <MacBook Pro 13-inch> button and click on it.", "status": "broken", "statusDetails": {"message": "selenium.common.exceptions.WebDriverException: Message: chrome not reachable\n  (Session info: chrome=100.0.4896.127)\nStacktrace:\nBacktrace:\n\tOrdinal0 [0x00669943+2595139]\n\tOrdinal0 [0x005FC9F1+2148849]\n\tOrdinal0 [0x004F43F0+1065968]\n\tOrdinal0 [0x004E87C2+1017794]\n\tOrdinal0 [0x004E8FF8+1019896]\n\tOrdinal0 [0x004EA892+1026194]\n\tOrdinal0 [0x004E4219+999961]\n\tOrdinal0 [0x004F5860+1071200]\n\tOrdinal0 [0x0054B2D2+1422034]\n\tOrdinal0 [0x0053B806+1357830]\n\tOrdinal0 [0x00516086+1204358]\n\tOrdinal0 [0x00516F96+1208214]\n\tGetHandleVerifier [0x0080B232+1658114]\n\tGetHandleVerifier [0x008C312C+2411516]\n\tGetHandleVerifier [0x006FF261+560433]\n\tGetHandleVerifier [0x006FE366+556598]\n\tOrdinal0 [0x0060286B+2173035]\n\tOrdinal0 [0x006075F8+2192888]\n\tOrdinal0 [0x006076E5+2193125]\n\tOrdinal0 [0x006111FC+2232828]\n\tBaseThreadInitThunk [0x7633FA29+25]\n\tRtlGetAppContainerNamedObjectPath [0x77407A7E+286]\n\tRtlGetAppContainerNamedObjectPath [0x77407A4E+238]\n\n", "trace": "  File \"c:\\automation_study\\get_top_automation\\venv\\lib\\site-packages\\behave\\model.py\", line 1329, in run\n    match.run(runner.context)\n  File \"c:\\automation_study\\get_top_automation\\venv\\lib\\site-packages\\behave\\matchers.py\", line 98, in run\n    self.func(context, *args, **kwargs)\n  File \"features\\steps\\dropdown_steps.py\", line 16, in click_on_drop_down_btn\n    context.app.drop_down_field.click_on_drop_down_btn(product_name)\n  File \"C:\\Automation_study\\Get_Top_Automation\\page\\drop_down_field.py\", line 20, in click_on_drop_down_btn\n    self.wait.until(EC.visibility_of_element_located(self.ipad), message=f'{product_name} is not found.')\n  File \"c:\\automation_study\\get_top_automation\\venv\\lib\\site-packages\\selenium\\webdriver\\support\\wait.py\", line 78, in until\n    value = method(self._driver)\n  File \"c:\\automation_study\\get_top_automation\\venv\\lib\\site-packages\\selenium\\webdriver\\support\\expected_conditions.py\", line 125, in _predicate\n    return _element_if_visible(driver.find_element(*locator))\n  File \"c:\\automation_study\\get_top_automation\\venv\\lib\\site-packages\\selenium\\webdriver\\support\\event_firing_webdriver.py\", line 108, in find_element\n    return self._dispatch(\"find\", (by, value, self._driver), \"find_element\", (by, value))\n  File \"c:\\automation_study\\get_top_automation\\venv\\lib\\site-packages\\selenium\\webdriver\\support\\event_firing_webdriver.py\", line 183, in _dispatch\n    raise e\n  File \"c:\\automation_study\\get_top_automation\\venv\\lib\\site-packages\\selenium\\webdriver\\support\\event_firing_webdriver.py\", line 180, in _dispatch\n    result = getattr(self._driver, d_call)(*d_args)\n  File \"c:\\automation_study\\get_top_automation\\venv\\lib\\site-packages\\selenium\\webdriver\\remote\\webdriver.py\", line 1248, in find_element\n    return self.execute(Command.FIND_ELEMENT, {\n  File \"c:\\automation_study\\get_top_automation\\venv\\lib\\site-packages\\selenium\\webdriver\\remote\\webdriver.py\", line 425, in execute\n    self.error_handler.check_response(response)\n  File \"c:\\automation_study\\get_top_automation\\venv\\lib\\site-packages\\selenium\\webdriver\\remote\\errorhandler.py\", line 247, in check_response\n    raise exception_class(message, screen, stacktrace)\n"}, "start": 1652111497237, "stop": 1652111511157}, {"name": "And Click on ADD TO CART button.", "status": "skipped", "start": 1652111523342, "stop": 1652111523342}, {"name": "And Hover the mouse to cart icon.", "status": "skipped", "start": 1652111523342, "stop": 1652111523342}, {"name": "Then Verify user can click on \"Checkout\" and is taken to checkout page", "status": "skipped", "start": 1652111523342, "stop": 1652111523342}], "start": 1652111492557, "stop": 1652111523342, "uuid": "62eb7c09-051e-4342-872e-062b7b7c0e0f", "historyId": "f63b0353d69ff1695be5cacfe57dc402", "fullName": "Tests for product page: Add products to cart,hover over cart icon,verify subtotal shown", "labels": [{"name": "severity", "value": "normal"}, {"name": "feature", "value": "Tests for product page"}, {"name": "framework", "value": "behave"}, {"name": "language", "value": "cpython3"}]}