{"name": "User can Operate the product banners.", "status": "broken", "statusDetails": {"message": "selenium.common.exceptions.ElementClickInterceptedException: Message: element click intercepted: Element <a class=\"fill\" href=\"/product-category/macbook/\">...</a> is not clickable at point (538, 229). Other element would receive the click: <div id=\"text-box-911234508\" class=\"text-box banner-layer x50 md-x50 lg-x0 y90 md-y90 lg-y75 res-text\">...</div>\n  (Session info: chrome=100.0.4896.127)\nStacktrace:\nBacktrace:\n\tOrdinal0 [0x00669943+2595139]\n\tOrdinal0 [0x005FC9F1+2148849]\n\tOrdinal0 [0x004F4528+1066280]\n\tOrdinal0 [0x00527621+1275425]\n\tOrdinal0 [0x00525657+1267287]\n\tOrdinal0 [0x0052333B+1258299]\n\tOrdinal0 [0x0052207D+1253501]\n\tOrdinal0 [0x00517AB3+1211059]\n\tOrdinal0 [0x0053B9EC+1358316]\n\tOrdinal0 [0x00517474+1209460]\n\tOrdinal0 [0x0053BC04+1358852]\n\tOrdinal0 [0x0054BAF2+1424114]\n\tOrdinal0 [0x0053B806+1357830]\n\tOrdinal0 [0x00516086+1204358]\n\tOrdinal0 [0x00516F96+1208214]\n\tGetHandleVerifier [0x0080B232+1658114]\n\tGetHandleVerifier [0x008C312C+2411516]\n\tGetHandleVerifier [0x006FF261+560433]\n\tGetHandleVerifier [0x006FE366+556598]\n\tOrdinal0 [0x0060286B+2173035]\n\tOrdinal0 [0x006075F8+2192888]\n\tOrdinal0 [0x006076E5+2193125]\n\tOrdinal0 [0x006111FC+2232828]\n\tBaseThreadInitThunk [0x7633FA29+25]\n\tRtlGetAppContainerNamedObjectPath [0x77407A7E+286]\n\tRtlGetAppContainerNamedObjectPath [0x77407A4E+238]\n\n", "trace": "  File \"c:\\automation_study\\get_top_automation\\venv\\lib\\site-packages\\behave\\model.py\", line 1329, in run\n    match.run(runner.context)\n  File \"c:\\automation_study\\get_top_automation\\venv\\lib\\site-packages\\behave\\matchers.py\", line 98, in run\n    self.func(context, *args, **kwargs)\n  File \"features\\steps\\main_page_steps.py\", line 16, in product_banners_clickable\n    context.app.main_page.product_banners_clickable()\n  File \"C:\\Automation_study\\Get_Top_Automation\\page\\main_page.py\", line 49, in product_banners_clickable\n    self.wait.until(EC.element_to_be_clickable(self.MAC_BOOK_BANNER)).click()\n  File \"c:\\automation_study\\get_top_automation\\venv\\lib\\site-packages\\selenium\\webdriver\\support\\event_firing_webdriver.py\", line 249, in click\n    self._dispatch(\"click\", (self._webelement, self._driver), \"click\", ())\n  File \"c:\\automation_study\\get_top_automation\\venv\\lib\\site-packages\\selenium\\webdriver\\support\\event_firing_webdriver.py\", line 333, in _dispatch\n    raise e\n  File \"c:\\automation_study\\get_top_automation\\venv\\lib\\site-packages\\selenium\\webdriver\\support\\event_firing_webdriver.py\", line 330, in _dispatch\n    result = getattr(self._webelement, d_call)(*d_args)\n  File \"c:\\automation_study\\get_top_automation\\venv\\lib\\site-packages\\selenium\\webdriver\\remote\\webelement.py\", line 81, in click\n    self._execute(Command.CLICK_ELEMENT)\n  File \"c:\\automation_study\\get_top_automation\\venv\\lib\\site-packages\\selenium\\webdriver\\remote\\webelement.py\", line 710, in _execute\n    return self._parent.execute(command, params)\n  File \"c:\\automation_study\\get_top_automation\\venv\\lib\\site-packages\\selenium\\webdriver\\remote\\webdriver.py\", line 425, in execute\n    self.error_handler.check_response(response)\n  File \"c:\\automation_study\\get_top_automation\\venv\\lib\\site-packages\\selenium\\webdriver\\remote\\errorhandler.py\", line 247, in check_response\n    raise exception_class(message, screen, stacktrace)\n"}, "steps": [{"name": "Given Open Get top", "status": "passed", "start": 1652111157033, "stop": 1652111159268}, {"name": "When User can click right and left arrows to see top banners.", "status": "passed", "start": 1652111159268, "stop": 1652111163613}, {"name": "When User can click bottom dots to see top banner.", "status": "passed", "start": 1652111163618, "stop": 1652111167763}, {"name": "When User can click on product banner,Then verify it is taken to correct category page.", "status": "broken", "statusDetails": {"message": "selenium.common.exceptions.ElementClickInterceptedException: Message: element click intercepted: Element <a class=\"fill\" href=\"/product-category/macbook/\">...</a> is not clickable at point (538, 229). Other element would receive the click: <div id=\"text-box-911234508\" class=\"text-box banner-layer x50 md-x50 lg-x0 y90 md-y90 lg-y75 res-text\">...</div>\n  (Session info: chrome=100.0.4896.127)\nStacktrace:\nBacktrace:\n\tOrdinal0 [0x00669943+2595139]\n\tOrdinal0 [0x005FC9F1+2148849]\n\tOrdinal0 [0x004F4528+1066280]\n\tOrdinal0 [0x00527621+1275425]\n\tOrdinal0 [0x00525657+1267287]\n\tOrdinal0 [0x0052333B+1258299]\n\tOrdinal0 [0x0052207D+1253501]\n\tOrdinal0 [0x00517AB3+1211059]\n\tOrdinal0 [0x0053B9EC+1358316]\n\tOrdinal0 [0x00517474+1209460]\n\tOrdinal0 [0x0053BC04+1358852]\n\tOrdinal0 [0x0054BAF2+1424114]\n\tOrdinal0 [0x0053B806+1357830]\n\tOrdinal0 [0x00516086+1204358]\n\tOrdinal0 [0x00516F96+1208214]\n\tGetHandleVerifier [0x0080B232+1658114]\n\tGetHandleVerifier [0x008C312C+2411516]\n\tGetHandleVerifier [0x006FF261+560433]\n\tGetHandleVerifier [0x006FE366+556598]\n\tOrdinal0 [0x0060286B+2173035]\n\tOrdinal0 [0x006075F8+2192888]\n\tOrdinal0 [0x006076E5+2193125]\n\tOrdinal0 [0x006111FC+2232828]\n\tBaseThreadInitThunk [0x7633FA29+25]\n\tRtlGetAppContainerNamedObjectPath [0x77407A7E+286]\n\tRtlGetAppContainerNamedObjectPath [0x77407A4E+238]\n\n", "trace": "  File \"c:\\automation_study\\get_top_automation\\venv\\lib\\site-packages\\behave\\model.py\", line 1329, in run\n    match.run(runner.context)\n  File \"c:\\automation_study\\get_top_automation\\venv\\lib\\site-packages\\behave\\matchers.py\", line 98, in run\n    self.func(context, *args, **kwargs)\n  File \"features\\steps\\main_page_steps.py\", line 16, in product_banners_clickable\n    context.app.main_page.product_banners_clickable()\n  File \"C:\\Automation_study\\Get_Top_Automation\\page\\main_page.py\", line 49, in product_banners_clickable\n    self.wait.until(EC.element_to_be_clickable(self.MAC_BOOK_BANNER)).click()\n  File \"c:\\automation_study\\get_top_automation\\venv\\lib\\site-packages\\selenium\\webdriver\\support\\event_firing_webdriver.py\", line 249, in click\n    self._dispatch(\"click\", (self._webelement, self._driver), \"click\", ())\n  File \"c:\\automation_study\\get_top_automation\\venv\\lib\\site-packages\\selenium\\webdriver\\support\\event_firing_webdriver.py\", line 333, in _dispatch\n    raise e\n  File \"c:\\automation_study\\get_top_automation\\venv\\lib\\site-packages\\selenium\\webdriver\\support\\event_firing_webdriver.py\", line 330, in _dispatch\n    result = getattr(self._webelement, d_call)(*d_args)\n  File \"c:\\automation_study\\get_top_automation\\venv\\lib\\site-packages\\selenium\\webdriver\\remote\\webelement.py\", line 81, in click\n    self._execute(Command.CLICK_ELEMENT)\n  File \"c:\\automation_study\\get_top_automation\\venv\\lib\\site-packages\\selenium\\webdriver\\remote\\webelement.py\", line 710, in _execute\n    return self._parent.execute(command, params)\n  File \"c:\\automation_study\\get_top_automation\\venv\\lib\\site-packages\\selenium\\webdriver\\remote\\webdriver.py\", line 425, in execute\n    self.error_handler.check_response(response)\n  File \"c:\\automation_study\\get_top_automation\\venv\\lib\\site-packages\\selenium\\webdriver\\remote\\errorhandler.py\", line 247, in check_response\n    raise exception_class(message, screen, stacktrace)\n"}, "start": 1652111167763, "stop": 1652111168898}], "start": 1652111155248, "stop": 1652111171670, "uuid": "a9fda3b2-69b7-40c3-a732-bb51348dea37", "historyId": "8d263ddf8969a3e6a7ffa5e3e8db81b6", "fullName": "Tests for main page: User can Operate the product banners.", "labels": [{"name": "severity", "value": "normal"}, {"name": "feature", "value": "Tests for main page"}, {"name": "framework", "value": "behave"}, {"name": "language", "value": "cpython3"}]}